<?xml version="1.0" encoding="UTF-8"?>
<!-- Generated by org.testng.reporters.JUnitXMLReporter -->
<testsuite ignored="0" hostname="DESKTOP-6431BHU" failures="1" tests="2" name="Test" time="10.499" errors="0" timestamp="05 Feb 2021 07:16:09 GMT">
  <testcase classname="Runner.Flow" name="demo1" time="7.754"/>
  <testcase classname="Runner.Flow" name="demo1" time="7.771">
    <failure type="java.lang.NullPointerException" message="Cannot invoke &amp;quot;com.aventstack.extentreports.ExtentTest.log(com.aventstack.extentreports.Status, String)&amp;quot; because &amp;quot;listeners.ListenerTest.extentTest&amp;quot; is null">
      <![CDATA[java.lang.NullPointerException: Cannot invoke "com.aventstack.extentreports.ExtentTest.log(com.aventstack.extentreports.Status, String)" because "listeners.ListenerTest.extentTest" is null
at listeners.ListenerTest.onTestSuccess(ListenerTest.java:35)
... Removed 22 stack frames]]>
    </failure>
  </testcase> <!-- demo1 -->
</testsuite> <!-- Test -->
